TN:
SF:src/hooks/useScanner.ts
FN:4,useScanner
FN:9,(anonymous_1)
FN:16,(anonymous_2)
FN:22,(anonymous_3)
FNF:4
FNH:0
FNDA:0,useScanner
FNDA:0,(anonymous_1)
FNDA:0,(anonymous_2)
FNDA:0,(anonymous_3)
DA:5,0
DA:6,0
DA:7,0
DA:9,0
DA:10,0
DA:11,0
DA:12,0
DA:15,0
DA:17,0
DA:18,0
DA:19,0
DA:20,0
DA:21,0
DA:22,0
DA:23,0
DA:24,0
DA:25,0
DA:27,0
DA:28,0
DA:32,0
DA:33,0
DA:39,0
LF:22
LH:0
BRDA:23,0,0,0
BRDA:23,0,1,0
BRDA:27,1,0,0
BRDA:27,1,1,0
BRDA:27,2,0,0
BRDA:27,2,1,0
BRDA:32,3,0,0
BRDA:32,3,1,0
BRF:8
BRH:0
end_of_record
TN:
SF:src/lib/recipes.ts
FN:5,parseMeal
FN:26,searchRecipesByIngredient
FN:31,(anonymous_2)
FN:35,getRecipeById
FN:42,searchRecipesByName
FN:50,suggestRecipes
FN:56,(anonymous_6)
FN:70,(anonymous_7)
FN:71,(anonymous_8)
FNF:9
FNH:8
FNDA:4,parseMeal
FNDA:2,searchRecipesByIngredient
FNDA:2,(anonymous_2)
FNDA:4,getRecipeById
FNDA:2,searchRecipesByName
FNDA:2,suggestRecipes
FNDA:2,(anonymous_6)
FNDA:0,(anonymous_7)
FNDA:1,(anonymous_8)
DA:3,1
DA:6,4
DA:7,4
DA:8,80
DA:9,80
DA:10,80
DA:11,12
DA:14,4
DA:27,2
DA:28,2
DA:29,2
DA:31,2
DA:32,2
DA:36,4
DA:37,4
DA:38,4
DA:39,3
DA:43,2
DA:44,2
DA:45,2
DA:46,1
DA:51,2
DA:53,1
DA:55,1
DA:57,2
DA:58,2
DA:59,2
DA:60,2
DA:61,1
DA:63,1
DA:69,1
DA:70,0
DA:71,1
LF:33
LH:32
BRDA:10,0,0,12
BRDA:10,0,1,68
BRDA:10,1,0,80
BRDA:10,1,1,12
BRDA:11,2,0,12
BRDA:11,2,1,0
BRDA:29,3,0,0
BRDA:29,3,1,2
BRDA:38,4,0,1
BRDA:38,4,1,3
BRDA:45,5,0,1
BRDA:45,5,1,1
BRDA:51,6,0,1
BRDA:51,6,1,1
BRDA:60,7,0,1
BRDA:60,7,1,1
BRF:16
BRH:14
end_of_record
TN:
SF:src/store/inventoryStore.ts
FN:17,(anonymous_0)
FN:22,(anonymous_1)
FN:32,(anonymous_2)
FN:40,(anonymous_3)
FN:44,(anonymous_4)
FN:52,(anonymous_5)
FN:53,(anonymous_6)
FN:58,(anonymous_7)
FN:61,(anonymous_8)
FN:61,(anonymous_9)
FN:65,(anonymous_10)
FN:65,(anonymous_11)
FN:67,(anonymous_12)
FN:70,(anonymous_13)
FNF:14
FNH:0
FNDA:0,(anonymous_0)
FNDA:0,(anonymous_1)
FNDA:0,(anonymous_2)
FNDA:0,(anonymous_3)
FNDA:0,(anonymous_4)
FNDA:0,(anonymous_5)
FNDA:0,(anonymous_6)
FNDA:0,(anonymous_7)
FNDA:0,(anonymous_8)
FNDA:0,(anonymous_9)
FNDA:0,(anonymous_10)
FNDA:0,(anonymous_11)
FNDA:0,(anonymous_12)
FNDA:0,(anonymous_13)
DA:17,0
DA:23,0
DA:24,0
DA:25,0
DA:26,0
DA:28,0
DA:33,0
DA:34,0
DA:39,0
DA:40,0
DA:45,0
DA:51,0
DA:52,0
DA:53,0
DA:59,0
DA:60,0
DA:61,0
DA:65,0
DA:68,0
DA:69,0
DA:70,0
DA:71,0
DA:72,0
LF:23
LH:0
BRDA:25,0,0,0
BRDA:25,0,1,0
BRDA:39,1,0,0
BRDA:39,1,1,0
BRDA:39,2,0,0
BRDA:39,2,1,0
BRDA:51,3,0,0
BRDA:51,3,1,0
BRDA:51,4,0,0
BRDA:51,4,1,0
BRDA:53,5,0,0
BRDA:53,5,1,0
BRDA:60,6,0,0
BRDA:60,6,1,0
BRDA:67,7,0,0
BRDA:71,8,0,0
BRDA:71,8,1,0
BRF:17
BRH:0
end_of_record
